2018/09/27 14:03:03 [error] [exception.CDbException] CDbException: CDbConnection failed to open the DB connection: could not find driver in /opt/lampp/htdocs/yii/framework/db/CDbConnection.php:399
Stack trace:
#0 /opt/lampp/htdocs/yii/framework/db/CDbConnection.php(347): CDbConnection->open()
#1 /opt/lampp/htdocs/yii/framework/db/CDbConnection.php(325): CDbConnection->setActive(true)
#2 /opt/lampp/htdocs/yii/framework/base/CModule.php(394): CDbConnection->init()
#3 /opt/lampp/htdocs/yii/framework/base/CModule.php(103): CModule->getComponent('db')
#4 /opt/lampp/htdocs/yii/framework/gii/generators/model/ModelCode.php(60): CModule->__get('db')
#5 /opt/lampp/htdocs/yii/framework/web/CFormModel.php(39): ModelCode->init()
#6 /opt/lampp/htdocs/yii/framework/gii/CCodeGenerator.php(153): CFormModel->__construct()
#7 /opt/lampp/htdocs/yii/framework/gii/CCodeGenerator.php(63): CCodeGenerator->prepare()
#8 /opt/lampp/htdocs/yii/framework/web/actions/CInlineAction.php(49): CCodeGenerator->actionIndex()
#9 /opt/lampp/htdocs/yii/framework/web/CController.php(308): CInlineAction->runWithParams(Array)
#10 /opt/lampp/htdocs/yii/framework/web/CController.php(286): CController->runAction(Object(CInlineAction))
#11 /opt/lampp/htdocs/yii/framework/web/CController.php(265): CController->runActionWithFilters(Object(CInlineAction), Array)
#12 /opt/lampp/htdocs/yii/framework/web/CWebApplication.php(282): CController->run('index')
#13 /opt/lampp/htdocs/yii/framework/web/CWebApplication.php(141): CWebApplication->runController('gii/model/index')
#14 /opt/lampp/htdocs/yii/framework/base/CApplication.php(185): CWebApplication->processRequest()
#15 /opt/lampp/htdocs/espl_pr/index.php(13): CApplication->run()
#16 {main}
REQUEST_URI=/espl_pr/index.php?r=gii/model/index
HTTP_REFERER=http://localhost/espl_pr/index.php?r=gii/default/index
---
2018/09/27 14:03:19 [error] [exception.CDbException] CDbException: CDbConnection failed to open the DB connection: SQLSTATE[HY000] [1049] Unknown database 'espl_er' in /opt/lampp/htdocs/yii/framework/db/CDbConnection.php:399
Stack trace:
#0 /opt/lampp/htdocs/yii/framework/db/CDbConnection.php(347): CDbConnection->open()
#1 /opt/lampp/htdocs/yii/framework/db/CDbConnection.php(325): CDbConnection->setActive(true)
#2 /opt/lampp/htdocs/yii/framework/base/CModule.php(394): CDbConnection->init()
#3 /opt/lampp/htdocs/yii/framework/base/CModule.php(103): CModule->getComponent('db')
#4 /opt/lampp/htdocs/yii/framework/gii/generators/model/ModelCode.php(60): CModule->__get('db')
#5 /opt/lampp/htdocs/yii/framework/web/CFormModel.php(39): ModelCode->init()
#6 /opt/lampp/htdocs/yii/framework/gii/CCodeGenerator.php(153): CFormModel->__construct()
#7 /opt/lampp/htdocs/yii/framework/gii/CCodeGenerator.php(63): CCodeGenerator->prepare()
#8 /opt/lampp/htdocs/yii/framework/web/actions/CInlineAction.php(49): CCodeGenerator->actionIndex()
#9 /opt/lampp/htdocs/yii/framework/web/CController.php(308): CInlineAction->runWithParams(Array)
#10 /opt/lampp/htdocs/yii/framework/web/CController.php(286): CController->runAction(Object(CInlineAction))
#11 /opt/lampp/htdocs/yii/framework/web/CController.php(265): CController->runActionWithFilters(Object(CInlineAction), Array)
#12 /opt/lampp/htdocs/yii/framework/web/CWebApplication.php(282): CController->run('index')
#13 /opt/lampp/htdocs/yii/framework/web/CWebApplication.php(141): CWebApplication->runController('gii/model/index')
#14 /opt/lampp/htdocs/yii/framework/base/CApplication.php(185): CWebApplication->processRequest()
#15 /opt/lampp/htdocs/espl_pr/index.php(13): CApplication->run()
#16 {main}
REQUEST_URI=/espl_pr/index.php?r=gii/model/index
HTTP_REFERER=http://localhost/espl_pr/index.php?r=gii/default/index
---
2018/09/27 14:03:22 [error] [exception.CDbException] CDbException: CDbConnection failed to open the DB connection: SQLSTATE[HY000] [1049] Unknown database 'espl_er' in /opt/lampp/htdocs/yii/framework/db/CDbConnection.php:399
Stack trace:
#0 /opt/lampp/htdocs/yii/framework/db/CDbConnection.php(347): CDbConnection->open()
#1 /opt/lampp/htdocs/yii/framework/db/CDbConnection.php(325): CDbConnection->setActive(true)
#2 /opt/lampp/htdocs/yii/framework/base/CModule.php(394): CDbConnection->init()
#3 /opt/lampp/htdocs/yii/framework/base/CModule.php(103): CModule->getComponent('db')
#4 /opt/lampp/htdocs/yii/framework/gii/generators/model/ModelCode.php(60): CModule->__get('db')
#5 /opt/lampp/htdocs/yii/framework/web/CFormModel.php(39): ModelCode->init()
#6 /opt/lampp/htdocs/yii/framework/gii/CCodeGenerator.php(153): CFormModel->__construct()
#7 /opt/lampp/htdocs/yii/framework/gii/CCodeGenerator.php(63): CCodeGenerator->prepare()
#8 /opt/lampp/htdocs/yii/framework/web/actions/CInlineAction.php(49): CCodeGenerator->actionIndex()
#9 /opt/lampp/htdocs/yii/framework/web/CController.php(308): CInlineAction->runWithParams(Array)
#10 /opt/lampp/htdocs/yii/framework/web/CController.php(286): CController->runAction(Object(CInlineAction))
#11 /opt/lampp/htdocs/yii/framework/web/CController.php(265): CController->runActionWithFilters(Object(CInlineAction), Array)
#12 /opt/lampp/htdocs/yii/framework/web/CWebApplication.php(282): CController->run('index')
#13 /opt/lampp/htdocs/yii/framework/web/CWebApplication.php(141): CWebApplication->runController('gii/model/index')
#14 /opt/lampp/htdocs/yii/framework/base/CApplication.php(185): CWebApplication->processRequest()
#15 /opt/lampp/htdocs/espl_pr/index.php(13): CApplication->run()
#16 {main}
REQUEST_URI=/espl_pr/index.php?r=gii/model/index
HTTP_REFERER=http://localhost/espl_pr/index.php?r=gii/default/index
---
2018/09/27 14:03:32 [error] [exception.CDbException] CDbException: CDbConnection failed to open the DB connection: could not find driver in /opt/lampp/htdocs/yii/framework/db/CDbConnection.php:399
Stack trace:
#0 /opt/lampp/htdocs/yii/framework/db/CDbConnection.php(347): CDbConnection->open()
#1 /opt/lampp/htdocs/yii/framework/db/CDbConnection.php(325): CDbConnection->setActive(true)
#2 /opt/lampp/htdocs/yii/framework/base/CModule.php(394): CDbConnection->init()
#3 /opt/lampp/htdocs/yii/framework/base/CModule.php(103): CModule->getComponent('db')
#4 /opt/lampp/htdocs/yii/framework/gii/generators/model/ModelCode.php(60): CModule->__get('db')
#5 /opt/lampp/htdocs/yii/framework/web/CFormModel.php(39): ModelCode->init()
#6 /opt/lampp/htdocs/yii/framework/gii/CCodeGenerator.php(153): CFormModel->__construct()
#7 /opt/lampp/htdocs/yii/framework/gii/CCodeGenerator.php(63): CCodeGenerator->prepare()
#8 /opt/lampp/htdocs/yii/framework/web/actions/CInlineAction.php(49): CCodeGenerator->actionIndex()
#9 /opt/lampp/htdocs/yii/framework/web/CController.php(308): CInlineAction->runWithParams(Array)
#10 /opt/lampp/htdocs/yii/framework/web/CController.php(286): CController->runAction(Object(CInlineAction))
#11 /opt/lampp/htdocs/yii/framework/web/CController.php(265): CController->runActionWithFilters(Object(CInlineAction), Array)
#12 /opt/lampp/htdocs/yii/framework/web/CWebApplication.php(282): CController->run('index')
#13 /opt/lampp/htdocs/yii/framework/web/CWebApplication.php(141): CWebApplication->runController('gii/model/index')
#14 /opt/lampp/htdocs/yii/framework/base/CApplication.php(185): CWebApplication->processRequest()
#15 /opt/lampp/htdocs/espl_pr/index.php(13): CApplication->run()
#16 {main}
REQUEST_URI=/espl_pr/index.php?r=gii/model/index
HTTP_REFERER=http://localhost/espl_pr/index.php?r=gii/default/index
---
2018/09/27 14:03:35 [error] [exception.CDbException] CDbException: CDbConnection failed to open the DB connection: could not find driver in /opt/lampp/htdocs/yii/framework/db/CDbConnection.php:399
Stack trace:
#0 /opt/lampp/htdocs/yii/framework/db/CDbConnection.php(347): CDbConnection->open()
#1 /opt/lampp/htdocs/yii/framework/db/CDbConnection.php(325): CDbConnection->setActive(true)
#2 /opt/lampp/htdocs/yii/framework/base/CModule.php(394): CDbConnection->init()
#3 /opt/lampp/htdocs/yii/framework/base/CModule.php(103): CModule->getComponent('db')
#4 /opt/lampp/htdocs/yii/framework/gii/generators/model/ModelCode.php(60): CModule->__get('db')
#5 /opt/lampp/htdocs/yii/framework/web/CFormModel.php(39): ModelCode->init()
#6 /opt/lampp/htdocs/yii/framework/gii/CCodeGenerator.php(153): CFormModel->__construct()
#7 /opt/lampp/htdocs/yii/framework/gii/CCodeGenerator.php(63): CCodeGenerator->prepare()
#8 /opt/lampp/htdocs/yii/framework/web/actions/CInlineAction.php(49): CCodeGenerator->actionIndex()
#9 /opt/lampp/htdocs/yii/framework/web/CController.php(308): CInlineAction->runWithParams(Array)
#10 /opt/lampp/htdocs/yii/framework/web/CController.php(286): CController->runAction(Object(CInlineAction))
#11 /opt/lampp/htdocs/yii/framework/web/CController.php(265): CController->runActionWithFilters(Object(CInlineAction), Array)
#12 /opt/lampp/htdocs/yii/framework/web/CWebApplication.php(282): CController->run('index')
#13 /opt/lampp/htdocs/yii/framework/web/CWebApplication.php(141): CWebApplication->runController('gii/model/index')
#14 /opt/lampp/htdocs/yii/framework/base/CApplication.php(185): CWebApplication->processRequest()
#15 /opt/lampp/htdocs/espl_pr/index.php(13): CApplication->run()
#16 {main}
REQUEST_URI=/espl_pr/index.php?r=gii/model/index
HTTP_REFERER=http://localhost/espl_pr/index.php?r=gii/default/index
---
2018/09/27 14:03:59 [error] [system.db.CDbCommand] CDbCommand::fetchAll() failed: SQLSTATE[42S02]: Base table or view not found: 1146 Table 'espl_pr.users' doesn't exist. The SQL statement executed was: SHOW FULL COLUMNS FROM `users`.
in /opt/lampp/htdocs/espl_pr/index.php (13)
2018/09/27 14:04:53 [error] [system.db.CDbCommand] CDbCommand::fetchAll() failed: SQLSTATE[42S02]: Base table or view not found: 1146 Table 'espl_pr.users' doesn't exist. The SQL statement executed was: SHOW FULL COLUMNS FROM `users`.
in /opt/lampp/htdocs/espl_pr/index.php (13)
2018/09/27 14:06:00 [error] [system.db.CDbCommand] CDbCommand::fetchAll() failed: SQLSTATE[42S02]: Base table or view not found: 1146 Table 'espl_pr.user' doesn't exist. The SQL statement executed was: SHOW FULL COLUMNS FROM `user`.
in /opt/lampp/htdocs/espl_pr/index.php (13)
2018/09/27 14:06:21 [error] [system.db.CDbCommand] CDbCommand::fetchAll() failed: SQLSTATE[42S02]: Base table or view not found: 1146 Table 'espl_pr.user' doesn't exist. The SQL statement executed was: SHOW FULL COLUMNS FROM `user`.
in /opt/lampp/htdocs/espl_pr/index.php (13)
2018/09/27 14:06:22 [error] [system.db.CDbCommand] CDbCommand::fetchAll() failed: SQLSTATE[42S02]: Base table or view not found: 1146 Table 'espl_pr.user' doesn't exist. The SQL statement executed was: SHOW FULL COLUMNS FROM `user`.
in /opt/lampp/htdocs/espl_pr/index.php (13)
2018/09/27 14:07:05 [error] [system.db.CDbCommand] CDbCommand::fetchAll() failed: SQLSTATE[42S02]: Base table or view not found: 1146 Table 'espl_pr.users' doesn't exist. The SQL statement executed was: SHOW FULL COLUMNS FROM `users`.
in /opt/lampp/htdocs/espl_pr/index.php (13)
2018/09/27 14:08:20 [error] [system.db.CDbCommand] CDbCommand::fetchAll() failed: SQLSTATE[42S02]: Base table or view not found: 1146 Table 'espl_pr.user' doesn't exist. The SQL statement executed was: SHOW FULL COLUMNS FROM `user`.
in /opt/lampp/htdocs/espl_pr/index.php (13)
2018/09/27 14:09:23 [error] [system.db.CDbCommand] CDbCommand::fetchAll() failed: SQLSTATE[42S02]: Base table or view not found: 1146 Table 'espl_pr.user' doesn't exist. The SQL statement executed was: SHOW FULL COLUMNS FROM `user`.
in /opt/lampp/htdocs/espl_pr/index.php (13)
2018/09/27 14:09:53 [error] [system.db.CDbCommand] CDbCommand::fetchAll() failed: SQLSTATE[42S02]: Base table or view not found: 1146 Table 'espl_pr.user' doesn't exist. The SQL statement executed was: SHOW FULL COLUMNS FROM `user`.
in /opt/lampp/htdocs/espl_pr/index.php (13)
2018/09/27 14:10:35 [error] [system.db.CDbCommand] CDbCommand::fetchAll() failed: SQLSTATE[42S02]: Base table or view not found: 1146 Table 'espl_pr.user' doesn't exist. The SQL statement executed was: SHOW FULL COLUMNS FROM `user`.
in /opt/lampp/htdocs/espl_pr/index.php (13)
2018/09/27 14:13:46 [error] [exception.CHttpException.404] CHttpException: Unable to find the code you requested. in /opt/lampp/htdocs/yii/framework/gii/CCodeGenerator.php:90
Stack trace:
#0 /opt/lampp/htdocs/yii/framework/web/actions/CInlineAction.php(49): CCodeGenerator->actionCode()
#1 /opt/lampp/htdocs/yii/framework/web/CController.php(308): CInlineAction->runWithParams(Array)
#2 /opt/lampp/htdocs/yii/framework/web/CController.php(286): CController->runAction(Object(CInlineAction))
#3 /opt/lampp/htdocs/yii/framework/web/CController.php(265): CController->runActionWithFilters(Object(CInlineAction), Array)
#4 /opt/lampp/htdocs/yii/framework/web/CWebApplication.php(282): CController->run('code')
#5 /opt/lampp/htdocs/yii/framework/web/CWebApplication.php(141): CWebApplication->runController('gii/crud/code')
#6 /opt/lampp/htdocs/yii/framework/base/CApplication.php(185): CWebApplication->processRequest()
#7 /opt/lampp/htdocs/espl_pr/index.php(13): CApplication->run()
#8 {main}
REQUEST_URI=/espl_pr/index.php?r=gii/crud/code&id=3
HTTP_REFERER=http://localhost/espl_pr/index.php?r=gii/crud/index
---
2018/09/27 14:13:54 [error] [exception.CHttpException.404] CHttpException: Unable to find the code you requested. in /opt/lampp/htdocs/yii/framework/gii/CCodeGenerator.php:90
Stack trace:
#0 /opt/lampp/htdocs/yii/framework/web/actions/CInlineAction.php(49): CCodeGenerator->actionCode()
#1 /opt/lampp/htdocs/yii/framework/web/CController.php(308): CInlineAction->runWithParams(Array)
#2 /opt/lampp/htdocs/yii/framework/web/CController.php(286): CController->runAction(Object(CInlineAction))
#3 /opt/lampp/htdocs/yii/framework/web/CController.php(265): CController->runActionWithFilters(Object(CInlineAction), Array)
#4 /opt/lampp/htdocs/yii/framework/web/CWebApplication.php(282): CController->run('code')
#5 /opt/lampp/htdocs/yii/framework/web/CWebApplication.php(141): CWebApplication->runController('gii/crud/code')
#6 /opt/lampp/htdocs/yii/framework/base/CApplication.php(185): CWebApplication->processRequest()
#7 /opt/lampp/htdocs/espl_pr/index.php(13): CApplication->run()
#8 {main}
REQUEST_URI=/espl_pr/index.php?r=gii/crud/code&id=6
HTTP_REFERER=http://localhost/espl_pr/index.php?r=gii/crud/index
---
2018/09/27 14:22:40 [error] [exception.CHttpException.404] CHttpException: Unable to find the code you requested. in /opt/lampp/htdocs/yii/framework/gii/CCodeGenerator.php:90
Stack trace:
#0 /opt/lampp/htdocs/yii/framework/web/actions/CInlineAction.php(49): CCodeGenerator->actionCode()
#1 /opt/lampp/htdocs/yii/framework/web/CController.php(308): CInlineAction->runWithParams(Array)
#2 /opt/lampp/htdocs/yii/framework/web/CController.php(286): CController->runAction(Object(CInlineAction))
#3 /opt/lampp/htdocs/yii/framework/web/CController.php(265): CController->runActionWithFilters(Object(CInlineAction), Array)
#4 /opt/lampp/htdocs/yii/framework/web/CWebApplication.php(282): CController->run('code')
#5 /opt/lampp/htdocs/yii/framework/web/CWebApplication.php(141): CWebApplication->runController('gii/crud/code')
#6 /opt/lampp/htdocs/yii/framework/base/CApplication.php(185): CWebApplication->processRequest()
#7 /opt/lampp/htdocs/espl_pr/index.php(13): CApplication->run()
#8 {main}
REQUEST_URI=/espl_pr/index.php?r=gii/crud/code&id=5
HTTP_REFERER=http://localhost/espl_pr/index.php?r=gii/crud/index
---
2018/09/27 14:24:52 [error] [exception.CHttpException.403] CHttpException: You are not authorized to perform this action. in /opt/lampp/htdocs/yii/framework/web/auth/CAccessControlFilter.php:183
Stack trace:
#0 /opt/lampp/htdocs/yii/framework/web/auth/CAccessControlFilter.php(145): CAccessControlFilter->accessDenied(Object(CWebUser), 'You are not aut...')
#1 /opt/lampp/htdocs/yii/framework/web/filters/CFilter.php(38): CAccessControlFilter->preFilter(Object(CFilterChain))
#2 /opt/lampp/htdocs/yii/framework/web/CController.php(1148): CFilter->filter(Object(CFilterChain))
#3 /opt/lampp/htdocs/yii/framework/web/filters/CInlineFilter.php(58): CController->filterAccessControl(Object(CFilterChain))
#4 /opt/lampp/htdocs/yii/framework/web/filters/CFilterChain.php(131): CInlineFilter->filter(Object(CFilterChain))
#5 /opt/lampp/htdocs/yii/framework/web/CController.php(291): CFilterChain->run()
#6 /opt/lampp/htdocs/yii/framework/web/CController.php(265): CController->runActionWithFilters(Object(CInlineAction), Array)
#7 /opt/lampp/htdocs/yii/framework/web/CWebApplication.php(282): CController->run('admin')
#8 /opt/lampp/htdocs/yii/framework/web/CWebApplication.php(141): CWebApplication->runController('category/admin')
#9 /opt/lampp/htdocs/yii/framework/base/CApplication.php(185): CWebApplication->processRequest()
#10 /opt/lampp/htdocs/espl_pr/index.php(13): CApplication->run()
#11 {main}
REQUEST_URI=/espl_pr/index.php?r=category/admin
HTTP_REFERER=http://localhost/espl_pr/index.php?r=category/create
---
2018/09/28 14:14:22 [error] [exception.CHttpException.404] CHttpException: Unable to resolve the request "users1/create". in /opt/lampp/htdocs/yii/framework/web/CWebApplication.php:286
Stack trace:
#0 /opt/lampp/htdocs/yii/framework/web/CWebApplication.php(141): CWebApplication->runController('users1/create')
#1 /opt/lampp/htdocs/yii/framework/base/CApplication.php(185): CWebApplication->processRequest()
#2 /opt/lampp/htdocs/espl/index.php(13): CApplication->run()
#3 {main}
REQUEST_URI=/espl/index.php?r=users1/create
---
2018/09/29 06:22:12 [error] [exception.CException] CException: SiteController cannot find the requested view "include/dashboard_header". in /opt/lampp/htdocs/yii/framework/web/CController.php:881
Stack trace:
#0 /opt/lampp/htdocs/yii/framework/web/CController.php(785): CController->renderPartial('include/dashboa...', NULL, true)
#1 /opt/lampp/htdocs/espl/protected/controllers/SiteController.php(32): CController->render('include/dashboa...')
#2 /opt/lampp/htdocs/yii/framework/web/actions/CInlineAction.php(49): SiteController->actionIndex()
#3 /opt/lampp/htdocs/yii/framework/web/CController.php(308): CInlineAction->runWithParams(Array)
#4 /opt/lampp/htdocs/yii/framework/web/CController.php(286): CController->runAction(Object(CInlineAction))
#5 /opt/lampp/htdocs/yii/framework/web/CController.php(265): CController->runActionWithFilters(Object(CInlineAction), Array)
#6 /opt/lampp/htdocs/yii/framework/web/CWebApplication.php(282): CController->run('')
#7 /opt/lampp/htdocs/yii/framework/web/CWebApplication.php(141): CWebApplication->runController('')
#8 /opt/lampp/htdocs/yii/framework/base/CApplication.php(185): CWebApplication->processRequest()
#9 /opt/lampp/htdocs/espl/index.php(13): CApplication->run()
#10 {main}
REQUEST_URI=/espl/index.php
HTTP_REFERER=http://localhost/espl/index.php?r=site/login
---
2018/09/29 06:22:33 [error] [exception.CException] CException: SiteController cannot find the requested view "include/dashboard_leftbar". in /opt/lampp/htdocs/yii/framework/web/CController.php:881
Stack trace:
#0 /opt/lampp/htdocs/yii/framework/web/CController.php(785): CController->renderPartial('include/dashboa...', NULL, true)
#1 /opt/lampp/htdocs/espl/protected/controllers/SiteController.php(33): CController->render('include/dashboa...')
#2 /opt/lampp/htdocs/yii/framework/web/actions/CInlineAction.php(49): SiteController->actionIndex()
#3 /opt/lampp/htdocs/yii/framework/web/CController.php(308): CInlineAction->runWithParams(Array)
#4 /opt/lampp/htdocs/yii/framework/web/CController.php(286): CController->runAction(Object(CInlineAction))
#5 /opt/lampp/htdocs/yii/framework/web/CController.php(265): CController->runActionWithFilters(Object(CInlineAction), Array)
#6 /opt/lampp/htdocs/yii/framework/web/CWebApplication.php(282): CController->run('')
#7 /opt/lampp/htdocs/yii/framework/web/CWebApplication.php(141): CWebApplication->runController('')
#8 /opt/lampp/htdocs/yii/framework/base/CApplication.php(185): CWebApplication->processRequest()
#9 /opt/lampp/htdocs/espl/index.php(13): CApplication->run()
#10 {main}
REQUEST_URI=/espl/index.php
HTTP_REFERER=http://localhost/espl/index.php?r=site/login
---
2018/09/29 08:49:56 [error] [exception.ParseError] ParseError: syntax error, unexpected ',' in /opt/lampp/htdocs/espl/protected/views/users/_form.php:42
Stack trace:
#0 /opt/lampp/htdocs/yii/framework/web/CBaseController.php(95): CBaseController->renderInternal('/opt/lampp/htdo...', Array, true)
#1 /opt/lampp/htdocs/yii/framework/web/CController.php(872): CBaseController->renderFile('/opt/lampp/htdo...', Array, true)
#2 /opt/lampp/htdocs/espl/protected/views/users/create.php(18): CController->renderPartial('_form', Array)
#3 /opt/lampp/htdocs/yii/framework/web/CBaseController.php(126): require('/opt/lampp/htdo...')
#4 /opt/lampp/htdocs/yii/framework/web/CBaseController.php(95): CBaseController->renderInternal('/opt/lampp/htdo...', Array, true)
#5 /opt/lampp/htdocs/yii/framework/web/CController.php(872): CBaseController->renderFile('/opt/lampp/htdo...', Array, true)
#6 /opt/lampp/htdocs/yii/framework/web/CController.php(785): CController->renderPartial('create', Array, true)
#7 /opt/lampp/htdocs/espl/protected/controllers/UsersController.php(78): CController->render('create', Array)
#8 /opt/lampp/htdocs/yii/framework/web/actions/CInlineAction.php(49): UsersController->actionCreate()
#9 /opt/lampp/htdocs/yii/framework/web/CController.php(308): CInlineAction->runWithParams(Array)
#10 /opt/lampp/htdocs/yii/framework/web/filters/CFilterChain.php(134): CController->runAction(Object(CInlineAction))
#11 /opt/lampp/htdocs/yii/framework/web/filters/CFilter.php(40): CFilterChain->run()
#12 /opt/lampp/htdocs/yii/framework/web/CController.php(1148): CFilter->filter(Object(CFilterChain))
#13 /opt/lampp/htdocs/yii/framework/web/filters/CInlineFilter.php(58): CController->filterAccessControl(Object(CFilterChain))
#14 /opt/lampp/htdocs/yii/framework/web/filters/CFilterChain.php(131): CInlineFilter->filter(Object(CFilterChain))
#15 /opt/lampp/htdocs/yii/framework/web/CController.php(291): CFilterChain->run()
#16 /opt/lampp/htdocs/yii/framework/web/CController.php(265): CController->runActionWithFilters(Object(CInlineAction), Array)
#17 /opt/lampp/htdocs/yii/framework/web/CWebApplication.php(282): CController->run('create')
#18 /opt/lampp/htdocs/yii/framework/web/CWebApplication.php(141): CWebApplication->runController('users/create')
#19 /opt/lampp/htdocs/yii/framework/base/CApplication.php(185): CWebApplication->processRequest()
#20 /opt/lampp/htdocs/espl/index.php(13): CApplication->run()
#21 {main}
REQUEST_URI=/espl/users/create
---
2018/09/29 08:50:03 [error] [exception.ParseError] ParseError: syntax error, unexpected ',' in /opt/lampp/htdocs/espl/protected/views/users/_form.php:42
Stack trace:
#0 /opt/lampp/htdocs/yii/framework/web/CBaseController.php(95): CBaseController->renderInternal('/opt/lampp/htdo...', Array, true)
#1 /opt/lampp/htdocs/yii/framework/web/CController.php(872): CBaseController->renderFile('/opt/lampp/htdo...', Array, true)
#2 /opt/lampp/htdocs/espl/protected/views/users/create.php(18): CController->renderPartial('_form', Array)
#3 /opt/lampp/htdocs/yii/framework/web/CBaseController.php(126): require('/opt/lampp/htdo...')
#4 /opt/lampp/htdocs/yii/framework/web/CBaseController.php(95): CBaseController->renderInternal('/opt/lampp/htdo...', Array, true)
#5 /opt/lampp/htdocs/yii/framework/web/CController.php(872): CBaseController->renderFile('/opt/lampp/htdo...', Array, true)
#6 /opt/lampp/htdocs/yii/framework/web/CController.php(785): CController->renderPartial('create', Array, true)
#7 /opt/lampp/htdocs/espl/protected/controllers/UsersController.php(78): CController->render('create', Array)
#8 /opt/lampp/htdocs/yii/framework/web/actions/CInlineAction.php(49): UsersController->actionCreate()
#9 /opt/lampp/htdocs/yii/framework/web/CController.php(308): CInlineAction->runWithParams(Array)
#10 /opt/lampp/htdocs/yii/framework/web/filters/CFilterChain.php(134): CController->runAction(Object(CInlineAction))
#11 /opt/lampp/htdocs/yii/framework/web/filters/CFilter.php(40): CFilterChain->run()
#12 /opt/lampp/htdocs/yii/framework/web/CController.php(1148): CFilter->filter(Object(CFilterChain))
#13 /opt/lampp/htdocs/yii/framework/web/filters/CInlineFilter.php(58): CController->filterAccessControl(Object(CFilterChain))
#14 /opt/lampp/htdocs/yii/framework/web/filters/CFilterChain.php(131): CInlineFilter->filter(Object(CFilterChain))
#15 /opt/lampp/htdocs/yii/framework/web/CController.php(291): CFilterChain->run()
#16 /opt/lampp/htdocs/yii/framework/web/CController.php(265): CController->runActionWithFilters(Object(CInlineAction), Array)
#17 /opt/lampp/htdocs/yii/framework/web/CWebApplication.php(282): CController->run('create')
#18 /opt/lampp/htdocs/yii/framework/web/CWebApplication.php(141): CWebApplication->runController('users/create')
#19 /opt/lampp/htdocs/yii/framework/base/CApplication.php(185): CWebApplication->processRequest()
#20 /opt/lampp/htdocs/espl/index.php(13): CApplication->run()
#21 {main}
REQUEST_URI=/espl/users/create
---
2018/09/29 09:33:43 [error] [exception.CHttpException.404] CHttpException: Unable to resolve the request "assets/js/plugins/chartist.min.js.map". in /opt/lampp/htdocs/yii/framework/web/CWebApplication.php:286
Stack trace:
#0 /opt/lampp/htdocs/yii/framework/web/CWebApplication.php(141): CWebApplication->runController('assets/js/plugi...')
#1 /opt/lampp/htdocs/yii/framework/base/CApplication.php(185): CWebApplication->processRequest()
#2 /opt/lampp/htdocs/espl/index.php(13): CApplication->run()
#3 {main}
REQUEST_URI=/espl/assets/js/plugins/chartist.min.js.map
---
2018/09/29 09:34:24 [error] [exception.CHttpException.404] CHttpException: Unable to resolve the request "assets/js/plugins/chartist.min.js.map". in /opt/lampp/htdocs/yii/framework/web/CWebApplication.php:286
Stack trace:
#0 /opt/lampp/htdocs/yii/framework/web/CWebApplication.php(141): CWebApplication->runController('assets/js/plugi...')
#1 /opt/lampp/htdocs/yii/framework/base/CApplication.php(185): CWebApplication->processRequest()
#2 /opt/lampp/htdocs/espl/index.php(13): CApplication->run()
#3 {main}
REQUEST_URI=/espl/assets/js/plugins/chartist.min.js.map
---
2018/09/29 09:37:37 [error] [exception.CHttpException.404] CHttpException: Unable to resolve the request "assets/js/plugins/chartist.min.js.map". in /opt/lampp/htdocs/yii/framework/web/CWebApplication.php:286
Stack trace:
#0 /opt/lampp/htdocs/yii/framework/web/CWebApplication.php(141): CWebApplication->runController('assets/js/plugi...')
#1 /opt/lampp/htdocs/yii/framework/base/CApplication.php(185): CWebApplication->processRequest()
#2 /opt/lampp/htdocs/espl/index.php(13): CApplication->run()
#3 {main}
REQUEST_URI=/espl/assets/js/plugins/chartist.min.js.map
---
2018/09/29 09:37:44 [error] [php] Trying to get property 'id' of non-object (/opt/lampp/htdocs/espl/protected/components/UserIdentity.php:42)
Stack trace:
#0 /opt/lampp/htdocs/yii/framework/validators/CValidator.php(201): CInlineValidator->validateAttribute()
#1 /opt/lampp/htdocs/yii/framework/base/CModel.php(159): CInlineValidator->validate()
#2 /opt/lampp/htdocs/espl/protected/controllers/SiteController.php(101): LoginForm->validate()
#3 /opt/lampp/htdocs/yii/framework/web/actions/CInlineAction.php(49): SiteController->actionLogin()
#4 /opt/lampp/htdocs/yii/framework/web/CController.php(308): CInlineAction->runWithParams()
#5 /opt/lampp/htdocs/yii/framework/web/CController.php(286): SiteController->runAction()
#6 /opt/lampp/htdocs/yii/framework/web/CController.php(265): SiteController->runActionWithFilters()
#7 /opt/lampp/htdocs/yii/framework/web/CWebApplication.php(282): SiteController->run()
#8 /opt/lampp/htdocs/yii/framework/web/CWebApplication.php(141): CWebApplication->runController()
#9 /opt/lampp/htdocs/yii/framework/base/CApplication.php(185): CWebApplication->processRequest()
#10 /opt/lampp/htdocs/espl/index.php(13): CWebApplication->run()
REQUEST_URI=/espl/site/login
in /opt/lampp/htdocs/espl/protected/components/UserIdentity.php (42)
in /opt/lampp/htdocs/espl/protected/models/LoginForm.php (54)
in /opt/lampp/htdocs/espl/protected/controllers/SiteController.php (101)
2018/09/29 09:37:48 [error] [exception.CHttpException.404] CHttpException: Unable to resolve the request "assets/js/plugins/chartist.min.js.map". in /opt/lampp/htdocs/yii/framework/web/CWebApplication.php:286
Stack trace:
#0 /opt/lampp/htdocs/yii/framework/web/CWebApplication.php(141): CWebApplication->runController('assets/js/plugi...')
#1 /opt/lampp/htdocs/yii/framework/base/CApplication.php(185): CWebApplication->processRequest()
#2 /opt/lampp/htdocs/espl/index.php(13): CApplication->run()
#3 {main}
REQUEST_URI=/espl/assets/js/plugins/chartist.min.js.map
---
2018/09/29 09:39:48 [error] [exception.CException] CException: Property "Users.md5(password)" is not defined. in /opt/lampp/htdocs/yii/framework/base/CComponent.php:130
Stack trace:
#0 /opt/lampp/htdocs/yii/framework/db/ar/CActiveRecord.php(145): CComponent->__get('md5(password)')
#1 /opt/lampp/htdocs/yii/framework/validators/CRequiredValidator.php(58): CActiveRecord->__get('md5(password)')
#2 /opt/lampp/htdocs/yii/framework/validators/CValidator.php(201): CRequiredValidator->validateAttribute(Object(Users), 'md5(password)')
#3 /opt/lampp/htdocs/yii/framework/base/CModel.php(159): CValidator->validate(Object(Users), Array)
#4 /opt/lampp/htdocs/yii/framework/db/ar/CActiveRecord.php(810): CModel->validate(NULL)
#5 /opt/lampp/htdocs/espl/protected/controllers/UsersController.php(74): CActiveRecord->save()
#6 /opt/lampp/htdocs/yii/framework/web/actions/CInlineAction.php(49): UsersController->actionCreate()
#7 /opt/lampp/htdocs/yii/framework/web/CController.php(308): CInlineAction->runWithParams(Array)
#8 /opt/lampp/htdocs/yii/framework/web/filters/CFilterChain.php(134): CController->runAction(Object(CInlineAction))
#9 /opt/lampp/htdocs/yii/framework/web/filters/CFilter.php(40): CFilterChain->run()
#10 /opt/lampp/htdocs/yii/framework/web/CController.php(1148): CFilter->filter(Object(CFilterChain))
#11 /opt/lampp/htdocs/yii/framework/web/filters/CInlineFilter.php(58): CController->filterAccessControl(Object(CFilterChain))
#12 /opt/lampp/htdocs/yii/framework/web/filters/CFilterChain.php(131): CInlineFilter->filter(Object(CFilterChain))
#13 /opt/lampp/htdocs/yii/framework/web/CController.php(291): CFilterChain->run()
#14 /opt/lampp/htdocs/yii/framework/web/CController.php(265): CController->runActionWithFilters(Object(CInlineAction), Array)
#15 /opt/lampp/htdocs/yii/framework/web/CWebApplication.php(282): CController->run('create')
#16 /opt/lampp/htdocs/yii/framework/web/CWebApplication.php(141): CWebApplication->runController('users/create')
#17 /opt/lampp/htdocs/yii/framework/base/CApplication.php(185): CWebApplication->processRequest()
#18 /opt/lampp/htdocs/espl/index.php(13): CApplication->run()
#19 {main}
REQUEST_URI=/espl/users/create
HTTP_REFERER=http://localhost/espl/users/create
---
2018/09/29 13:04:18 [error] [exception.CHttpException.404] CHttpException: Unable to resolve the request "assets/js/plugins/chartist.min.js.map". in /opt/lampp/htdocs/yii/framework/web/CWebApplication.php:286
Stack trace:
#0 /opt/lampp/htdocs/yii/framework/web/CWebApplication.php(141): CWebApplication->runController('assets/js/plugi...')
#1 /opt/lampp/htdocs/yii/framework/base/CApplication.php(185): CWebApplication->processRequest()
#2 /opt/lampp/htdocs/espl/index.php(13): CApplication->run()
#3 {main}
REQUEST_URI=/espl/assets/js/plugins/chartist.min.js.map
---
2018/09/29 13:04:31 [error] [exception.CHttpException.404] CHttpException: Unable to resolve the request "assets/js/plugins/chartist.min.js.map". in /opt/lampp/htdocs/yii/framework/web/CWebApplication.php:286
Stack trace:
#0 /opt/lampp/htdocs/yii/framework/web/CWebApplication.php(141): CWebApplication->runController('assets/js/plugi...')
#1 /opt/lampp/htdocs/yii/framework/base/CApplication.php(185): CWebApplication->processRequest()
#2 /opt/lampp/htdocs/espl/index.php(13): CApplication->run()
#3 {main}
REQUEST_URI=/espl/assets/js/plugins/chartist.min.js.map
---
2018/09/29 13:05:52 [error] [exception.CHttpException.404] CHttpException: Unable to resolve the request "user/index". in /opt/lampp/htdocs/yii/framework/web/CWebApplication.php:286
Stack trace:
#0 /opt/lampp/htdocs/yii/framework/web/CWebApplication.php(141): CWebApplication->runController('user/index')
#1 /opt/lampp/htdocs/yii/framework/base/CApplication.php(185): CWebApplication->processRequest()
#2 /opt/lampp/htdocs/espl/index.php(13): CApplication->run()
#3 {main}
REQUEST_URI=/espl/user/index
---
2018/10/01 06:30:26 [error] [exception.CException] CException: ServiceController contains improperly nested widget tags in its view "/opt/lampp/htdocs/espl/protected/views/service/_form.php". A CActiveForm widget does not have an endWidget() call. in /opt/lampp/htdocs/yii/framework/web/CBaseController.php:101
Stack trace:
#0 /opt/lampp/htdocs/yii/framework/web/CController.php(872): CBaseController->renderFile('/opt/lampp/htdo...', Array, true)
#1 /opt/lampp/htdocs/espl/protected/views/service/create.php(18): CController->renderPartial('_form', Array)
#2 /opt/lampp/htdocs/yii/framework/web/CBaseController.php(126): require('/opt/lampp/htdo...')
#3 /opt/lampp/htdocs/yii/framework/web/CBaseController.php(95): CBaseController->renderInternal('/opt/lampp/htdo...', Array, true)
#4 /opt/lampp/htdocs/yii/framework/web/CController.php(872): CBaseController->renderFile('/opt/lampp/htdo...', Array, true)
#5 /opt/lampp/htdocs/yii/framework/web/CController.php(785): CController->renderPartial('create', Array, true)
#6 /opt/lampp/htdocs/espl/protected/controllers/ServiceController.php(80): CController->render('create', Array)
#7 /opt/lampp/htdocs/yii/framework/web/actions/CInlineAction.php(49): ServiceController->actionCreate()
#8 /opt/lampp/htdocs/yii/framework/web/CController.php(308): CInlineAction->runWithParams(Array)
#9 /opt/lampp/htdocs/yii/framework/web/filters/CFilterChain.php(134): CController->runAction(Object(CInlineAction))
#10 /opt/lampp/htdocs/yii/framework/web/filters/CFilter.php(40): CFilterChain->run()
#11 /opt/lampp/htdocs/yii/framework/web/CController.php(1148): CFilter->filter(Object(CFilterChain))
#12 /opt/lampp/htdocs/yii/framework/web/filters/CInlineFilter.php(58): CController->filterAccessControl(Object(CFilterChain))
#13 /opt/lampp/htdocs/yii/framework/web/filters/CFilterChain.php(131): CInlineFilter->filter(Object(CFilterChain))
#14 /opt/lampp/htdocs/yii/framework/web/CController.php(291): CFilterChain->run()
#15 /opt/lampp/htdocs/yii/framework/web/CController.php(265): CController->runActionWithFilters(Object(CInlineAction), Array)
#16 /opt/lampp/htdocs/yii/framework/web/CWebApplication.php(282): CController->run('create')
#17 /opt/lampp/htdocs/yii/framework/web/CWebApplication.php(141): CWebApplication->runController('service/create')
#18 /opt/lampp/htdocs/yii/framework/base/CApplication.php(185): CWebApplication->processRequest()
#19 /opt/lampp/htdocs/espl/index.php(13): CApplication->run()
#20 {main}
REQUEST_URI=/espl/service/create
HTTP_REFERER=http://localhost/espl/index.php/site/login
---
2018/10/01 06:31:49 [error] [exception.CHttpException.404] CHttpException: Unable to resolve the request "assets/js/plugins/chartist.min.js.map". in /opt/lampp/htdocs/yii/framework/web/CWebApplication.php:286
Stack trace:
#0 /opt/lampp/htdocs/yii/framework/web/CWebApplication.php(141): CWebApplication->runController('assets/js/plugi...')
#1 /opt/lampp/htdocs/yii/framework/base/CApplication.php(185): CWebApplication->processRequest()
#2 /opt/lampp/htdocs/espl/index.php(13): CApplication->run()
#3 {main}
REQUEST_URI=/espl/assets/js/plugins/chartist.min.js.map
---
2018/10/01 06:32:29 [error] [exception.CHttpException.404] CHttpException: Unable to resolve the request "assets/js/plugins/chartist.min.js.map". in /opt/lampp/htdocs/yii/framework/web/CWebApplication.php:286
Stack trace:
#0 /opt/lampp/htdocs/yii/framework/web/CWebApplication.php(141): CWebApplication->runController('assets/js/plugi...')
#1 /opt/lampp/htdocs/yii/framework/base/CApplication.php(185): CWebApplication->processRequest()
#2 /opt/lampp/htdocs/espl/index.php(13): CApplication->run()
#3 {main}
REQUEST_URI=/espl/assets/js/plugins/chartist.min.js.map
---
2018/10/01 06:32:31 [error] [exception.CHttpException.404] CHttpException: Unable to resolve the request "assets/js/plugins/chartist.min.js.map". in /opt/lampp/htdocs/yii/framework/web/CWebApplication.php:286
Stack trace:
#0 /opt/lampp/htdocs/yii/framework/web/CWebApplication.php(141): CWebApplication->runController('assets/js/plugi...')
#1 /opt/lampp/htdocs/yii/framework/base/CApplication.php(185): CWebApplication->processRequest()
#2 /opt/lampp/htdocs/espl/index.php(13): CApplication->run()
#3 {main}
REQUEST_URI=/espl/assets/js/plugins/chartist.min.js.map
---
2018/10/01 06:33:11 [error] [exception.CHttpException.404] CHttpException: Unable to resolve the request "assets/js/plugins/chartist.min.js.map". in /opt/lampp/htdocs/yii/framework/web/CWebApplication.php:286
Stack trace:
#0 /opt/lampp/htdocs/yii/framework/web/CWebApplication.php(141): CWebApplication->runController('assets/js/plugi...')
#1 /opt/lampp/htdocs/yii/framework/base/CApplication.php(185): CWebApplication->processRequest()
#2 /opt/lampp/htdocs/espl/index.php(13): CApplication->run()
#3 {main}
REQUEST_URI=/espl/assets/js/plugins/chartist.min.js.map
---
2018/10/01 06:33:12 [error] [exception.CHttpException.404] CHttpException: Unable to resolve the request "assets/js/plugins/chartist.min.js.map". in /opt/lampp/htdocs/yii/framework/web/CWebApplication.php:286
Stack trace:
#0 /opt/lampp/htdocs/yii/framework/web/CWebApplication.php(141): CWebApplication->runController('assets/js/plugi...')
#1 /opt/lampp/htdocs/yii/framework/base/CApplication.php(185): CWebApplication->processRequest()
#2 /opt/lampp/htdocs/espl/index.php(13): CApplication->run()
#3 {main}
REQUEST_URI=/espl/assets/js/plugins/chartist.min.js.map
---
2018/10/01 07:17:41 [error] [exception.CHttpException.404] CHttpException: Unable to resolve the request "assets/js/plugins/chartist.min.js.map". in /opt/lampp/htdocs/yii/framework/web/CWebApplication.php:286
Stack trace:
#0 /opt/lampp/htdocs/yii/framework/web/CWebApplication.php(141): CWebApplication->runController('assets/js/plugi...')
#1 /opt/lampp/htdocs/yii/framework/base/CApplication.php(185): CWebApplication->processRequest()
#2 /opt/lampp/htdocs/espl/index.php(13): CApplication->run()
#3 {main}
REQUEST_URI=/espl/assets/js/plugins/chartist.min.js.map
---
2018/10/01 07:17:56 [error] [exception.CHttpException.404] CHttpException: Unable to resolve the request "assets/js/plugins/chartist.min.js.map". in /opt/lampp/htdocs/yii/framework/web/CWebApplication.php:286
Stack trace:
#0 /opt/lampp/htdocs/yii/framework/web/CWebApplication.php(141): CWebApplication->runController('assets/js/plugi...')
#1 /opt/lampp/htdocs/yii/framework/base/CApplication.php(185): CWebApplication->processRequest()
#2 /opt/lampp/htdocs/espl/index.php(13): CApplication->run()
#3 {main}
REQUEST_URI=/espl/assets/js/plugins/chartist.min.js.map
---
2018/10/01 07:21:54 [error] [exception.CHttpException.404] CHttpException: Unable to resolve the request "assets/js/plugins/chartist.min.js.map". in /opt/lampp/htdocs/yii/framework/web/CWebApplication.php:286
Stack trace:
#0 /opt/lampp/htdocs/yii/framework/web/CWebApplication.php(141): CWebApplication->runController('assets/js/plugi...')
#1 /opt/lampp/htdocs/yii/framework/base/CApplication.php(185): CWebApplication->processRequest()
#2 /opt/lampp/htdocs/espl/index.php(13): CApplication->run()
#3 {main}
REQUEST_URI=/espl/assets/js/plugins/chartist.min.js.map
---
2018/10/01 07:22:44 [error] [exception.CHttpException.404] CHttpException: Unable to resolve the request "assets/js/plugins/chartist.min.js.map". in /opt/lampp/htdocs/yii/framework/web/CWebApplication.php:286
Stack trace:
#0 /opt/lampp/htdocs/yii/framework/web/CWebApplication.php(141): CWebApplication->runController('assets/js/plugi...')
#1 /opt/lampp/htdocs/yii/framework/base/CApplication.php(185): CWebApplication->processRequest()
#2 /opt/lampp/htdocs/espl/index.php(13): CApplication->run()
#3 {main}
REQUEST_URI=/espl/assets/js/plugins/chartist.min.js.map
---
2018/10/01 07:36:39 [error] [exception.CHttpException.404] CHttpException: Unable to resolve the request "assets/js/plugins/chartist.min.js.map". in /opt/lampp/htdocs/yii/framework/web/CWebApplication.php:286
Stack trace:
#0 /opt/lampp/htdocs/yii/framework/web/CWebApplication.php(141): CWebApplication->runController('assets/js/plugi...')
#1 /opt/lampp/htdocs/yii/framework/base/CApplication.php(185): CWebApplication->processRequest()
#2 /opt/lampp/htdocs/espl/index.php(13): CApplication->run()
#3 {main}
REQUEST_URI=/espl/assets/js/plugins/chartist.min.js.map
---
2018/10/01 07:37:20 [error] [exception.CHttpException.404] CHttpException: Unable to resolve the request "assets/js/plugins/chartist.min.js.map". in /opt/lampp/htdocs/yii/framework/web/CWebApplication.php:286
Stack trace:
#0 /opt/lampp/htdocs/yii/framework/web/CWebApplication.php(141): CWebApplication->runController('assets/js/plugi...')
#1 /opt/lampp/htdocs/yii/framework/base/CApplication.php(185): CWebApplication->processRequest()
#2 /opt/lampp/htdocs/espl/index.php(13): CApplication->run()
#3 {main}
REQUEST_URI=/espl/assets/js/plugins/chartist.min.js.map
---
2018/10/01 07:38:04 [error] [exception.CHttpException.404] CHttpException: Unable to resolve the request "assets/js/plugins/chartist.min.js.map". in /opt/lampp/htdocs/yii/framework/web/CWebApplication.php:286
Stack trace:
#0 /opt/lampp/htdocs/yii/framework/web/CWebApplication.php(141): CWebApplication->runController('assets/js/plugi...')
#1 /opt/lampp/htdocs/yii/framework/base/CApplication.php(185): CWebApplication->processRequest()
#2 /opt/lampp/htdocs/espl/index.php(13): CApplication->run()
#3 {main}
REQUEST_URI=/espl/assets/js/plugins/chartist.min.js.map
---
2018/10/01 07:40:59 [error] [exception.CHttpException.404] CHttpException: Unable to resolve the request "assets/js/plugins/chartist.min.js.map". in /opt/lampp/htdocs/yii/framework/web/CWebApplication.php:286
Stack trace:
#0 /opt/lampp/htdocs/yii/framework/web/CWebApplication.php(141): CWebApplication->runController('assets/js/plugi...')
#1 /opt/lampp/htdocs/yii/framework/base/CApplication.php(185): CWebApplication->processRequest()
#2 /opt/lampp/htdocs/espl/index.php(13): CApplication->run()
#3 {main}
REQUEST_URI=/espl/assets/js/plugins/chartist.min.js.map
---
2018/10/01 07:41:41 [error] [exception.CHttpException.404] CHttpException: Unable to resolve the request "assets/js/plugins/chartist.min.js.map". in /opt/lampp/htdocs/yii/framework/web/CWebApplication.php:286
Stack trace:
#0 /opt/lampp/htdocs/yii/framework/web/CWebApplication.php(141): CWebApplication->runController('assets/js/plugi...')
#1 /opt/lampp/htdocs/yii/framework/base/CApplication.php(185): CWebApplication->processRequest()
#2 /opt/lampp/htdocs/espl/index.php(13): CApplication->run()
#3 {main}
REQUEST_URI=/espl/assets/js/plugins/chartist.min.js.map
---
2018/10/01 07:43:03 [error] [exception.CHttpException.404] CHttpException: Unable to resolve the request "assets/js/plugins/chartist.min.js.map". in /opt/lampp/htdocs/yii/framework/web/CWebApplication.php:286
Stack trace:
#0 /opt/lampp/htdocs/yii/framework/web/CWebApplication.php(141): CWebApplication->runController('assets/js/plugi...')
#1 /opt/lampp/htdocs/yii/framework/base/CApplication.php(185): CWebApplication->processRequest()
#2 /opt/lampp/htdocs/espl/index.php(13): CApplication->run()
#3 {main}
REQUEST_URI=/espl/assets/js/plugins/chartist.min.js.map
---
2018/10/01 07:43:30 [error] [exception.CHttpException.404] CHttpException: Unable to resolve the request "assets/js/plugins/chartist.min.js.map". in /opt/lampp/htdocs/yii/framework/web/CWebApplication.php:286
Stack trace:
#0 /opt/lampp/htdocs/yii/framework/web/CWebApplication.php(141): CWebApplication->runController('assets/js/plugi...')
#1 /opt/lampp/htdocs/yii/framework/base/CApplication.php(185): CWebApplication->processRequest()
#2 /opt/lampp/htdocs/espl/index.php(13): CApplication->run()
#3 {main}
REQUEST_URI=/espl/assets/js/plugins/chartist.min.js.map
---
2018/10/01 08:02:45 [error] [exception.Error] Error: Class 'app\models\Status' not found in /opt/lampp/htdocs/espl/protected/views/status/_form.php:24
Stack trace:
#0 /opt/lampp/htdocs/yii/framework/web/CBaseController.php(126): require()
#1 /opt/lampp/htdocs/yii/framework/web/CBaseController.php(95): CBaseController->renderInternal('/opt/lampp/htdo...', Array, true)
#2 /opt/lampp/htdocs/yii/framework/web/CController.php(872): CBaseController->renderFile('/opt/lampp/htdo...', Array, true)
#3 /opt/lampp/htdocs/espl/protected/views/status/create.php(18): CController->renderPartial('_form', Array)
#4 /opt/lampp/htdocs/yii/framework/web/CBaseController.php(126): require('/opt/lampp/htdo...')
#5 /opt/lampp/htdocs/yii/framework/web/CBaseController.php(95): CBaseController->renderInternal('/opt/lampp/htdo...', Array, true)
#6 /opt/lampp/htdocs/yii/framework/web/CController.php(872): CBaseController->renderFile('/opt/lampp/htdo...', Array, true)
#7 /opt/lampp/htdocs/yii/framework/web/CController.php(785): CController->renderPartial('create', Array, true)
#8 /opt/lampp/htdocs/espl/protected/controllers/StatusController.php(79): CController->render('create', Array)
#9 /opt/lampp/htdocs/yii/framework/web/actions/CInlineAction.php(49): StatusController->actionCreate()
#10 /opt/lampp/htdocs/yii/framework/web/CController.php(308): CInlineAction->runWithParams(Array)
#11 /opt/lampp/htdocs/yii/framework/web/filters/CFilterChain.php(134): CController->runAction(Object(CInlineAction))
#12 /opt/lampp/htdocs/yii/framework/web/filters/CFilter.php(40): CFilterChain->run()
#13 /opt/lampp/htdocs/yii/framework/web/CController.php(1148): CFilter->filter(Object(CFilterChain))
#14 /opt/lampp/htdocs/yii/framework/web/filters/CInlineFilter.php(58): CController->filterAccessControl(Object(CFilterChain))
#15 /opt/lampp/htdocs/yii/framework/web/filters/CFilterChain.php(131): CInlineFilter->filter(Object(CFilterChain))
#16 /opt/lampp/htdocs/yii/framework/web/CController.php(291): CFilterChain->run()
#17 /opt/lampp/htdocs/yii/framework/web/CController.php(265): CController->runActionWithFilters(Object(CInlineAction), Array)
#18 /opt/lampp/htdocs/yii/framework/web/CWebApplication.php(282): CController->run('create')
#19 /opt/lampp/htdocs/yii/framework/web/CWebApplication.php(141): CWebApplication->runController('status/create')
#20 /opt/lampp/htdocs/yii/framework/base/CApplication.php(185): CWebApplication->processRequest()
#21 /opt/lampp/htdocs/espl/index.php(13): CApplication->run()
#22 {main}
REQUEST_URI=/espl/index.php/status/create
HTTP_REFERER=http://localhost/espl/index.php/status/2
---
2018/10/01 08:04:19 [error] [exception.CException] CException: CActiveForm and its behaviors do not have a method or closure named "Drop". in /opt/lampp/htdocs/yii/framework/base/CComponent.php:266
Stack trace:
#0 /opt/lampp/htdocs/espl/protected/views/service/_form.php(44): CComponent->__call('Drop', Array)
#1 /opt/lampp/htdocs/yii/framework/web/CBaseController.php(126): require('/opt/lampp/htdo...')
#2 /opt/lampp/htdocs/yii/framework/web/CBaseController.php(95): CBaseController->renderInternal('/opt/lampp/htdo...', Array, true)
#3 /opt/lampp/htdocs/yii/framework/web/CController.php(872): CBaseController->renderFile('/opt/lampp/htdo...', Array, true)
#4 /opt/lampp/htdocs/espl/protected/views/service/create.php(18): CController->renderPartial('_form', Array)
#5 /opt/lampp/htdocs/yii/framework/web/CBaseController.php(126): require('/opt/lampp/htdo...')
#6 /opt/lampp/htdocs/yii/framework/web/CBaseController.php(95): CBaseController->renderInternal('/opt/lampp/htdo...', Array, true)
#7 /opt/lampp/htdocs/yii/framework/web/CController.php(872): CBaseController->renderFile('/opt/lampp/htdo...', Array, true)
#8 /opt/lampp/htdocs/yii/framework/web/CController.php(785): CController->renderPartial('create', Array, true)
#9 /opt/lampp/htdocs/espl/protected/controllers/ServiceController.php(81): CController->render('create', Array)
#10 /opt/lampp/htdocs/yii/framework/web/actions/CInlineAction.php(49): ServiceController->actionCreate()
#11 /opt/lampp/htdocs/yii/framework/web/CController.php(308): CInlineAction->runWithParams(Array)
#12 /opt/lampp/htdocs/yii/framework/web/filters/CFilterChain.php(134): CController->runAction(Object(CInlineAction))
#13 /opt/lampp/htdocs/yii/framework/web/filters/CFilter.php(40): CFilterChain->run()
#14 /opt/lampp/htdocs/yii/framework/web/CController.php(1148): CFilter->filter(Object(CFilterChain))
#15 /opt/lampp/htdocs/yii/framework/web/filters/CInlineFilter.php(58): CController->filterAccessControl(Object(CFilterChain))
#16 /opt/lampp/htdocs/yii/framework/web/filters/CFilterChain.php(131): CInlineFilter->filter(Object(CFilterChain))
#17 /opt/lampp/htdocs/yii/framework/web/CController.php(291): CFilterChain->run()
#18 /opt/lampp/htdocs/yii/framework/web/CController.php(265): CController->runActionWithFilters(Object(CInlineAction), Array)
#19 /opt/lampp/htdocs/yii/framework/web/CWebApplication.php(282): CController->run('create')
#20 /opt/lampp/htdocs/yii/framework/web/CWebApplication.php(141): CWebApplication->runController('service/create')
#21 /opt/lampp/htdocs/yii/framework/base/CApplication.php(185): CWebApplication->processRequest()
#22 /opt/lampp/htdocs/espl/index.php(13): CApplication->run()
#23 {main}
REQUEST_URI=/espl/index.php/service/create
HTTP_REFERER=http://localhost/espl/index.php/service/update/3
---
2018/10/01 08:05:10 [error] [php] include(ArrayHelper.php): failed to open stream: No such file or directory (/opt/lampp/htdocs/yii/framework/YiiBase.php:432)
Stack trace:
#0 /opt/lampp/htdocs/espl/protected/views/service/_form.php(45): spl_autoload_call()
#1 /opt/lampp/htdocs/yii/framework/web/CBaseController.php(126): require()
#2 /opt/lampp/htdocs/yii/framework/web/CBaseController.php(95): ServiceController->renderInternal()
#3 /opt/lampp/htdocs/yii/framework/web/CController.php(872): ServiceController->renderFile()
#4 /opt/lampp/htdocs/espl/protected/views/service/create.php(18): ServiceController->renderPartial()
#5 /opt/lampp/htdocs/yii/framework/web/CBaseController.php(126): require()
#6 /opt/lampp/htdocs/yii/framework/web/CBaseController.php(95): ServiceController->renderInternal()
#7 /opt/lampp/htdocs/yii/framework/web/CController.php(872): ServiceController->renderFile()
#8 /opt/lampp/htdocs/yii/framework/web/CController.php(785): ServiceController->renderPartial()
#9 /opt/lampp/htdocs/espl/protected/controllers/ServiceController.php(81): ServiceController->render()
#10 /opt/lampp/htdocs/yii/framework/web/actions/CInlineAction.php(49): ServiceController->actionCreate()
#11 /opt/lampp/htdocs/yii/framework/web/CController.php(308): CInlineAction->runWithParams()
#12 /opt/lampp/htdocs/yii/framework/web/filters/CFilterChain.php(134): ServiceController->runAction()
#13 /opt/lampp/htdocs/yii/framework/web/filters/CFilter.php(40): CFilterChain->run()
#14 /opt/lampp/htdocs/yii/framework/web/CController.php(1148): CAccessControlFilter->filter()
#15 /opt/lampp/htdocs/yii/framework/web/filters/CInlineFilter.php(58): ServiceController->filterAccessControl()
#16 /opt/lampp/htdocs/yii/framework/web/filters/CFilterChain.php(131): CInlineFilter->filter()
#17 /opt/lampp/htdocs/yii/framework/web/CController.php(291): CFilterChain->run()
#18 /opt/lampp/htdocs/yii/framework/web/CController.php(265): ServiceController->runActionWithFilters()
#19 /opt/lampp/htdocs/yii/framework/web/CWebApplication.php(282): ServiceController->run()
#20 /opt/lampp/htdocs/yii/framework/web/CWebApplication.php(141): CWebApplication->runController()
#21 /opt/lampp/htdocs/yii/framework/base/CApplication.php(185): CWebApplication->processRequest()
#22 /opt/lampp/htdocs/espl/index.php(13): CWebApplication->run()
REQUEST_URI=/espl/index.php/service/create
in /opt/lampp/htdocs/espl/protected/views/service/_form.php (45)
in /opt/lampp/htdocs/espl/protected/views/service/create.php (18)
in /opt/lampp/htdocs/espl/protected/controllers/ServiceController.php (81)
